Using pre-set license
Built from '2022.3/release' branch; Version is '2022.3.5f1 (9674261d40ee) revision 9860134'; Using compiler version '192829333'; Build Type 'Release'
OS: 'Windows 11  (10.0.22631) 64bit Professional' Language: 'en' Physical Memory: 16088 MB
BatchMode: 1, IsHumanControllingUs: 0, StartBugReporterOnCrash: 0, Is64bit: 1, IsPro: 1

COMMAND LINE ARGUMENTS:
C:\Program Files\Unity\Hub\Editor\2022.3.5f1\Editor\Unity.exe
-adb2
-batchMode
-noUpm
-name
AssetImportWorker0
-projectPath
C:/Users/WinDows/MetathonMenu
-logFile
Logs/AssetImportWorker0.log
-srvPort
51031
Successfully changed project path to: C:/Users/WinDows/MetathonMenu
C:/Users/WinDows/MetathonMenu
[UnityMemory] Configuration Parameters - Can be set up in boot.config
    "memorysetup-bucket-allocator-granularity=16"
    "memorysetup-bucket-allocator-bucket-count=8"
    "memorysetup-bucket-allocator-block-size=33554432"
    "memorysetup-bucket-allocator-block-count=8"
    "memorysetup-main-allocator-block-size=16777216"
    "memorysetup-thread-allocator-block-size=16777216"
    "memorysetup-gfx-main-allocator-block-size=16777216"
    "memorysetup-gfx-thread-allocator-block-size=16777216"
    "memorysetup-cache-allocator-block-size=4194304"
    "memorysetup-typetree-allocator-block-size=2097152"
    "memorysetup-profiler-bucket-allocator-granularity=16"
    "memorysetup-profiler-bucket-allocator-bucket-count=8"
    "memorysetup-profiler-bucket-allocator-block-size=33554432"
    "memorysetup-profiler-bucket-allocator-block-count=8"
    "memorysetup-profiler-allocator-block-size=16777216"
    "memorysetup-profiler-editor-allocator-block-size=1048576"
    "memorysetup-temp-allocator-size-main=16777216"
    "memorysetup-job-temp-allocator-block-size=2097152"
    "memorysetup-job-temp-allocator-block-size-background=1048576"
    "memorysetup-job-temp-allocator-reduction-small-platforms=262144"
    "memorysetup-allocator-temp-initial-block-size-main=262144"
    "memorysetup-allocator-temp-initial-block-size-worker=262144"
    "memorysetup-temp-allocator-size-background-worker=32768"
    "memorysetup-temp-allocator-size-job-worker=262144"
    "memorysetup-temp-allocator-size-preload-manager=33554432"
    "memorysetup-temp-allocator-size-nav-mesh-worker=65536"
    "memorysetup-temp-allocator-size-audio-worker=65536"
    "memorysetup-temp-allocator-size-cloud-worker=32768"
    "memorysetup-temp-allocator-size-gi-baking-worker=262144"
    "memorysetup-temp-allocator-size-gfx=262144"
Player connection [7264] Host "[IP] 192.168.56.1 [Port] 0 [Flags] 2 [Guid] 3792122808 [EditorId] 3792122808 [Version] 1048832 [Id] WindowsEditor(7,DESKTOP-1R2H21T) [Debug] 1 [PackageName] WindowsEditor [ProjectName] Editor" joined multi-casting on [225.0.0.222:54997]...

Player connection [7264] Host "[IP] 192.168.56.1 [Port] 0 [Flags] 2 [Guid] 3792122808 [EditorId] 3792122808 [Version] 1048832 [Id] WindowsEditor(7,DESKTOP-1R2H21T) [Debug] 1 [PackageName] WindowsEditor [ProjectName] Editor" joined alternative multi-casting on [225.0.0.222:34997]...

Refreshing native plugins compatible for Editor in 18.03 ms, found 6 plugins.
Preloading 2 native plugins for Editor in 3.18 ms.
Initialize engine version: 2022.3.5f1 (9674261d40ee)
[Subsystems] Discovering subsystems at path C:/Program Files/Unity/Hub/Editor/2022.3.5f1/Editor/Data/Resources/UnitySubsystems
[Subsystems] Discovering subsystems at path C:/Users/WinDows/MetathonMenu/Assets
GfxDevice: creating device client; threaded=0; jobified=0
Direct3D:
    Version:  Direct3D 11.0 [level 11.1]
    Renderer: NVIDIA GeForce RTX 3060 Laptop GPU (ID=0x2520)
    Vendor:   NVIDIA
    VRAM:     6023 MB
    Driver:   30.0.15.1274
Initialize mono
Mono path[0] = 'C:/Program Files/Unity/Hub/Editor/2022.3.5f1/Editor/Data/Managed'
Mono path[1] = 'C:/Program Files/Unity/Hub/Editor/2022.3.5f1/Editor/Data/MonoBleedingEdge/lib/mono/unityjit-win32'
Mono config path = 'C:/Program Files/Unity/Hub/Editor/2022.3.5f1/Editor/Data/MonoBleedingEdge/etc'
Using monoOptions --debugger-agent=transport=dt_socket,embedding=1,server=y,suspend=n,address=127.0.0.1:56060
Begin MonoManager ReloadAssembly
Registering precompiled unity dll's ...
Register platform support module: C:/Program Files/Unity/Hub/Editor/2022.3.5f1/Editor/Data/PlaybackEngines/WebGLSupport/UnityEditor.WebGL.Extensions.dll
Register platform support module: C:/Program Files/Unity/Hub/Editor/2022.3.5f1/Editor/Data/PlaybackEngines/MacStandaloneSupport/UnityEditor.OSXStandalone.Extensions.dll
Register platform support module: C:/Program Files/Unity/Hub/Editor/2022.3.5f1/Editor/Data/PlaybackEngines/AndroidPlayer/UnityEditor.Android.Extensions.dll
Register platform support module: C:/Program Files/Unity/Hub/Editor/2022.3.5f1/Editor/Data/PlaybackEngines/WindowsStandaloneSupport/UnityEditor.WindowsStandalone.Extensions.dll
Registered in 0.013827 seconds.
- Loaded All Assemblies, in  0.550 seconds
Native extension for WindowsStandalone target not found
Native extension for Android target not found
Android Extension - Scanning For ADB Devices 494 ms
Native extension for OSXStandalone target not found
Native extension for WebGL target not found
Mono: successfully reloaded assembly
- Finished resetting the current domain, in  0.910 seconds
Domain Reload Profiling: 1458ms
	BeginReloadAssembly (148ms)
		ExecutionOrderSort (0ms)
		DisableScriptedObjects (0ms)
		BackupInstance (0ms)
		ReleaseScriptingObjects (0ms)
		CreateAndSetChildDomain (2ms)
	RebuildCommonClasses (50ms)
	RebuildNativeTypeToScriptingClass (15ms)
	initialDomainReloadingComplete (94ms)
	LoadAllAssembliesAndSetupDomain (241ms)
		LoadAssemblies (144ms)
		RebuildTransferFunctionScriptingTraits (0ms)
		AnalyzeDomain (232ms)
			TypeCache.Refresh (230ms)
				TypeCache.ScanAssembly (213ms)
			ScanForSourceGeneratedMonoScriptInfo (1ms)
			ResolveRequiredComponents (1ms)
	FinalizeReload (911ms)
		ReleaseScriptCaches (0ms)
		RebuildScriptCaches (0ms)
		SetupLoadedEditorAssemblies (827ms)
			LogAssemblyErrors (0ms)
			InitializePlatformSupportModulesInManaged (653ms)
			SetLoadedEditorAssemblies (4ms)
			RefreshPlugins (0ms)
			BeforeProcessingInitializeOnLoad (3ms)
			ProcessInitializeOnLoadAttributes (114ms)
			ProcessInitializeOnLoadMethodAttributes (53ms)
			AfterProcessingInitializeOnLoad (0ms)
			EditorAssembliesLoaded (0ms)
		ExecutionOrderSort2 (0ms)
		AwakeInstancesAfterBackupRestoration (0ms)
========================================================================
Worker process is ready to serve import requests
Begin MonoManager ReloadAssembly
- Loaded All Assemblies, in  0.978 seconds
Refreshing native plugins compatible for Editor in 5.21 ms, found 6 plugins.
Native extension for WindowsStandalone target not found
Native extension for Android target not found
Native extension for OSXStandalone target not found
Native extension for WebGL target not found
Package Manager log level set to [2]
[Package Manager] Server::EnsureServerProcessIsRunning -- launch failed, reason: Unity was launched with the -noUpm command-line argument
[Package Manager] UpmClient::Send -- Unable to send message (not connected to UPM process).
[Package Manager] Cannot connect to Unity Package Manager local server
Mono: successfully reloaded assembly
- Finished resetting the current domain, in  0.980 seconds
Domain Reload Profiling: 1956ms
	BeginReloadAssembly (189ms)
		ExecutionOrderSort (0ms)
		DisableScriptedObjects (5ms)
		BackupInstance (0ms)
		ReleaseScriptingObjects (0ms)
		CreateAndSetChildDomain (31ms)
	RebuildCommonClasses (41ms)
	RebuildNativeTypeToScriptingClass (13ms)
	initialDomainReloadingComplete (55ms)
	LoadAllAssembliesAndSetupDomain (677ms)
		LoadAssemblies (433ms)
		RebuildTransferFunctionScriptingTraits (0ms)
		AnalyzeDomain (338ms)
			TypeCache.Refresh (309ms)
				TypeCache.ScanAssembly (292ms)
			ScanForSourceGeneratedMonoScriptInfo (21ms)
			ResolveRequiredComponents (9ms)
	FinalizeReload (981ms)
		ReleaseScriptCaches (0ms)
		RebuildScriptCaches (0ms)
		SetupLoadedEditorAssemblies (744ms)
			LogAssemblyErrors (0ms)
			InitializePlatformSupportModulesInManaged (39ms)
			SetLoadedEditorAssemblies (3ms)
			RefreshPlugins (0ms)
			BeforeProcessingInitializeOnLoad (75ms)
			ProcessInitializeOnLoadAttributes (566ms)
			ProcessInitializeOnLoadMethodAttributes (56ms)
			AfterProcessingInitializeOnLoad (4ms)
			EditorAssembliesLoaded (0ms)
		ExecutionOrderSort2 (0ms)
		AwakeInstancesAfterBackupRestoration (8ms)
Launched and connected shader compiler UnityShaderCompiler.exe after 0.05 seconds
Refreshing native plugins compatible for Editor in 9.38 ms, found 6 plugins.
Preloading 2 native plugins for Editor in 0.13 ms.
Unloading 4960 Unused Serialized files (Serialized files now loaded: 0)
Unloading 94 unused Assets / (0.8 MB). Loaded Objects now: 5721.
Memory consumption went from 215.1 MB to 214.3 MB.
Total: 12.503100 ms (FindLiveObjects: 1.260200 ms CreateObjectMapping: 0.872200 ms MarkObjects: 9.093600 ms  DeleteObjects: 1.275000 ms)

AssetImportParameters requested are different than current active one (requested -> active):
  custom:container-demuxer-ogg: 62fdf1f143b41e24485cea50d1cbac27 -> 
  custom:video-codec-MediaFoundation-h265: 746d11721c4dcdbdad8f713fa42b33f4 -> 
  custom:video-decoder-ogg-theora: a1e56fd34408186e4bbccfd4996cb3dc -> 
  custom:framework-win-MediaFoundation: 216162199b28c13a410421893ffa2e32 -> 
  custom:CustomObjectIndexerAttribute: a3ef5dd2817f97addfee359851a9dba5 -> 
  custom:container-demuxer-webm: 4f35f7cbe854078d1ac9338744f61a02 -> 
  custom:container-muxer-webm: aa71ff27fc2769a1b78a27578f13a17b -> 
  custom:video-decoder-webm-vp8: 9c59270c3fd7afecdb556c50c9e8de78 -> 
  custom:AudioImporter_EditorPlatform: d09bf68614088b80899f8185d706f6e7 -> 
  custom:video-encoder-webm-vp8: eb34c28f22e8b96e1ab97ce403110664 -> 
  custom:audio-decoder-ogg-vorbis: bf7c407c2cedff20999df2af8eb42d56 -> 
  custom:audio-encoder-webm-vorbis: bf7c407c2cedff20999df2af8eb42d56 -> 
========================================================================
Received Prepare
Refreshing native plugins compatible for Editor in 12.42 ms, found 6 plugins.
Preloading 2 native plugins for Editor in 0.09 ms.
Unloading 12 Unused Serialized files (Serialized files now loaded: 0)
Unloading 12 unused Assets / (0.8 MB). Loaded Objects now: 5721.
Memory consumption went from 109.4 MB to 108.7 MB.
Total: 6.050400 ms (FindLiveObjects: 0.536200 ms CreateObjectMapping: 0.322300 ms MarkObjects: 4.702000 ms  DeleteObjects: 0.488100 ms)

Prepare: number of updated asset objects reloaded= 0
AssetImportParameters requested are different than current active one (requested -> active):
  custom:container-demuxer-ogg: 62fdf1f143b41e24485cea50d1cbac27 -> 
  custom:video-codec-MediaFoundation-h265: 746d11721c4dcdbdad8f713fa42b33f4 -> 
  custom:video-decoder-ogg-theora: a1e56fd34408186e4bbccfd4996cb3dc -> 
  custom:framework-win-MediaFoundation: 216162199b28c13a410421893ffa2e32 -> 
  custom:CustomObjectIndexerAttribute: a3ef5dd2817f97addfee359851a9dba5 -> 
  custom:container-demuxer-webm: 4f35f7cbe854078d1ac9338744f61a02 -> 
  custom:container-muxer-webm: aa71ff27fc2769a1b78a27578f13a17b -> 
  custom:video-decoder-webm-vp8: 9c59270c3fd7afecdb556c50c9e8de78 -> 
  custom:SearchIndexIgnoredProperties: e643bd26f0fe6173181afceb89e7c659 -> 
  custom:AudioImporter_EditorPlatform: d09bf68614088b80899f8185d706f6e7 -> 
  custom:video-encoder-webm-vp8: eb34c28f22e8b96e1ab97ce403110664 -> 
  custom:audio-decoder-ogg-vorbis: bf7c407c2cedff20999df2af8eb42d56 -> 
  custom:audio-encoder-webm-vorbis: bf7c407c2cedff20999df2af8eb42d56 -> 
========================================================================
Received Import Request.
  Time since last request: 10515.835466 seconds.
  path: Assets/VuforiaLicense.cs
  artifactKey: Guid(0a396dfe1f7f90c4dbf824e00fee1827) Importer(2089858483,0ecaa5967403d082aa24f35e1b516d23)
Start importing Assets/VuforiaLicense.cs using Guid(0a396dfe1f7f90c4dbf824e00fee1827) Importer(2089858483,0ecaa5967403d082aa24f35e1b516d23) Generated GUIDs only implemented for interfaces!
 -> (artifact id: '9f30db5b2bff36b2ecf79b5ee48f0ad1') in 0.272285 seconds
Number of updated asset objects reloaded before import = 0
Number of asset objects unloaded after import = 1
========================================================================
Received Import Request.
  Time since last request: 0.000068 seconds.
  path: Assets/Settings/URP-Performant-Renderer.asset
  artifactKey: Guid(707360a9c581a4bd7aa53bfeb1429f71) Importer(2089858483,0ecaa5967403d082aa24f35e1b516d23)
Start importing Assets/Settings/URP-Performant-Renderer.asset using Guid(707360a9c581a4bd7aa53bfeb1429f71) Importer(2089858483,0ecaa5967403d082aa24f35e1b516d23) Generated GUIDs only implemented for interfaces!
 -> (artifact id: '89090fdf5abe5ff1a8b4c13913de0aca') in 0.058899 seconds
Number of updated asset objects reloaded before import = 0
Number of asset objects unloaded after import = 1
========================================================================
Received Import Request.
  Time since last request: 0.000027 seconds.
  path: Assets/Croissants_Pack/Materials/croissant_01_L1_AO.mat
  artifactKey: Guid(73163d64a5c9dc14980f4330119ee264) Importer(2089858483,0ecaa5967403d082aa24f35e1b516d23)
Start importing Assets/Croissants_Pack/Materials/croissant_01_L1_AO.mat using Guid(73163d64a5c9dc14980f4330119ee264) Importer(2089858483,0ecaa5967403d082aa24f35e1b516d23) Generated GUIDs only implemented for interfaces!
 -> (artifact id: '9c53382977bff3706f4082dc71c4f018') in 0.253035 seconds
Number of updated asset objects reloaded before import = 0
Number of asset objects unloaded after import = 2
========================================================================
Received Import Request.
  Time since last request: 0.000039 seconds.
  path: Assets/Croissants_Pack/Meshes/croissant_03_col.fbx
  artifactKey: Guid(229ff20f7691f26408b162795a4354b0) Importer(2089858483,0ecaa5967403d082aa24f35e1b516d23)
Start importing Assets/Croissants_Pack/Meshes/croissant_03_col.fbx using Guid(229ff20f7691f26408b162795a4354b0) Importer(2089858483,0ecaa5967403d082aa24f35e1b516d23) Generated GUIDs only implemented for interfaces!
 -> (artifact id: 'f7a902a078ba6c0a438a5b3b41dd1037') in 0.097612 seconds
Number of updated asset objects reloaded before import = 0
Number of asset objects unloaded after import = 7
========================================================================
Received Import Request.
  Time since last request: 0.000098 seconds.
  path: Assets/Croissants_Pack/Textures/croissant_03_L0_MetallicSmoothness.tga
  artifactKey: Guid(05471585e4a13e14f88db60f1716801a) Importer(2089858483,0ecaa5967403d082aa24f35e1b516d23)
Start importing Assets/Croissants_Pack/Textures/croissant_03_L0_MetallicSmoothness.tga using Guid(05471585e4a13e14f88db60f1716801a) Importer(2089858483,0ecaa5967403d082aa24f35e1b516d23) Generated GUIDs only implemented for interfaces!
 -> (artifact id: '37ebfa624fdcbe35c19ee48a1546fb11') in 0.176506 seconds
Number of updated asset objects reloaded before import = 0
Number of asset objects unloaded after import = 1
========================================================================
Received Import Request.
  Time since last request: 0.000041 seconds.
  path: Assets/Croissants_Pack/Materials/croissant_02_L1.mat
  artifactKey: Guid(62aad595fb267444388e46bfab15e3fe) Importer(2089858483,0ecaa5967403d082aa24f35e1b516d23)
Start importing Assets/Croissants_Pack/Materials/croissant_02_L1.mat using Guid(62aad595fb267444388e46bfab15e3fe) Importer(2089858483,0ecaa5967403d082aa24f35e1b516d23) Generated GUIDs only implemented for interfaces!
 -> (artifact id: 'fdd693789b7572b7bfeb2f30e323f88d') in 0.458318 seconds
Number of updated asset objects reloaded before import = 0
Number of asset objects unloaded after import = 5
========================================================================
Received Import Request.
  Time since last request: 0.000046 seconds.
  path: Assets/food/Materials/cof_disp.mat
  artifactKey: Guid(7a1ca10ae9120a041b19c3a926c7b77c) Importer(2089858483,0ecaa5967403d082aa24f35e1b516d23)
Start importing Assets/food/Materials/cof_disp.mat using Guid(7a1ca10ae9120a041b19c3a926c7b77c) Importer(2089858483,0ecaa5967403d082aa24f35e1b516d23) Generated GUIDs only implemented for interfaces!
 -> (artifact id: '32e11101437ca5cc83991a896541bf64') in 0.202027 seconds
Number of updated asset objects reloaded before import = 0
Number of asset objects unloaded after import = 2
========================================================================
Received Import Request.
  Time since last request: 0.000074 seconds.
  path: Assets/food/Readme.asset
  artifactKey: Guid(8105016687592461f977c054a80ce2f2) Importer(2089858483,0ecaa5967403d082aa24f35e1b516d23)
Start importing Assets/food/Readme.asset using Guid(8105016687592461f977c054a80ce2f2) Importer(2089858483,0ecaa5967403d082aa24f35e1b516d23) Generated GUIDs only implemented for interfaces!
 -> (artifact id: '04b601c1555ef9988298e32aedd1c17b') in 0.030825 seconds
Number of updated asset objects reloaded before import = 0
Number of asset objects unloaded after import = 2
========================================================================
Received Import Request.
  Time since last request: 0.000045 seconds.
  path: Assets/food/uploads_files_907595_sweet_bun.FBX
  artifactKey: Guid(3218baf33f972104385240fcbb5f2059) Importer(2089858483,0ecaa5967403d082aa24f35e1b516d23)
Start importing Assets/food/uploads_files_907595_sweet_bun.FBX using Guid(3218baf33f972104385240fcbb5f2059) Importer(2089858483,0ecaa5967403d082aa24f35e1b516d23) Generated GUIDs only implemented for interfaces!
 -> (artifact id: '6451198186643e90903224478a482f80') in 0.040067 seconds
Number of updated asset objects reloaded before import = 0
Number of asset objects unloaded after import = 8
========================================================================
Received Import Request.
  Time since last request: 0.000033 seconds.
  path: Assets/dallat and tamr/menuMeta/EventSystem.prefab
  artifactKey: Guid(9d98a1f99431bd4419d51a750398430b) Importer(2089858483,0ecaa5967403d082aa24f35e1b516d23)
Start importing Assets/dallat and tamr/menuMeta/EventSystem.prefab using Guid(9d98a1f99431bd4419d51a750398430b) Importer(2089858483,0ecaa5967403d082aa24f35e1b516d23) Generated GUIDs only implemented for interfaces!
 -> (artifact id: '833cc5688780e4164697d70e7b626def') in 0.047717 seconds
Number of updated asset objects reloaded before import = 0
Number of asset objects unloaded after import = 7
========================================================================
Received Import Request.
  Time since last request: 0.000029 seconds.
  path: Assets/Croissants_Pack/Textures/croissant_01_L1_Albedo.tga
  artifactKey: Guid(30170ca011941a74297ac20d54c722de) Importer(2089858483,0ecaa5967403d082aa24f35e1b516d23)
Start importing Assets/Croissants_Pack/Textures/croissant_01_L1_Albedo.tga using Guid(30170ca011941a74297ac20d54c722de) Importer(2089858483,0ecaa5967403d082aa24f35e1b516d23) Generated GUIDs only implemented for interfaces!
 -> (artifact id: '3d456f6f15b9e236cb4b7ab5c73eddd5') in 0.149023 seconds
Number of updated asset objects reloaded before import = 0
Number of asset objects unloaded after import = 1
========================================================================
Received Import Request.
  Time since last request: 0.000068 seconds.
  path: Assets/Croissants_Pack/Textures/croissant_02_L1_Normal.tga
  artifactKey: Guid(b71d8c1b5ca3ed94dadcb34c1cd4bf8a) Importer(2089858483,0ecaa5967403d082aa24f35e1b516d23)
Start importing Assets/Croissants_Pack/Textures/croissant_02_L1_Normal.tga using Guid(b71d8c1b5ca3ed94dadcb34c1cd4bf8a) Importer(2089858483,0ecaa5967403d082aa24f35e1b516d23) Generated GUIDs only implemented for interfaces!
 -> (artifact id: '572488cc09e6f30b23f848e6ae90a5bb') in 0.154701 seconds
Number of updated asset objects reloaded before import = 0
Number of asset objects unloaded after import = 1
========================================================================
Received Import Request.
  Time since last request: 0.000098 seconds.
  path: Assets/food/uploads_files_3255476_Double+Hot+Chocolate.FBX
  artifactKey: Guid(faa44e4f6be676d40b5edc3cf4bf57c7) Importer(2089858483,0ecaa5967403d082aa24f35e1b516d23)
Start importing Assets/food/uploads_files_3255476_Double+Hot+Chocolate.FBX using Guid(faa44e4f6be676d40b5edc3cf4bf57c7) Importer(2089858483,0ecaa5967403d082aa24f35e1b516d23) Generated GUIDs only implemented for interfaces!
 -> (artifact id: 'f94ed17d301e70c99c95ef8bbaf25862') in 0.109012 seconds
Number of updated asset objects reloaded before import = 0
Number of asset objects unloaded after import = 17
========================================================================
Received Import Request.
  Time since last request: 0.000073 seconds.
  path: Assets/Materials/42ba7c45-4961-460a-826d-67cb33828533.mat
  artifactKey: Guid(912737f9e4d810046af5988721034316) Importer(2089858483,0ecaa5967403d082aa24f35e1b516d23)
Start importing Assets/Materials/42ba7c45-4961-460a-826d-67cb33828533.mat using Guid(912737f9e4d810046af5988721034316) Importer(2089858483,0ecaa5967403d082aa24f35e1b516d23) Generated GUIDs only implemented for interfaces!
 -> (artifact id: '9cb25125f20cdf4a20ef77fe44c4361e') in 0.103290 seconds
Number of updated asset objects reloaded before import = 0
Number of asset objects unloaded after import = 2
========================================================================
Received Import Request.
  Time since last request: 0.000079 seconds.
  path: Assets/Resources/VuforiaConfiguration.asset
  artifactKey: Guid(f2e60aa3a2d878743abe565d6fe40bdd) Importer(2089858483,0ecaa5967403d082aa24f35e1b516d23)
Start importing Assets/Resources/VuforiaConfiguration.asset using Guid(f2e60aa3a2d878743abe565d6fe40bdd) Importer(2089858483,0ecaa5967403d082aa24f35e1b516d23) Generated GUIDs only implemented for interfaces!
 -> (artifact id: '16847b3b2341379a8803e344dcaff32c') in 0.095826 seconds
Number of updated asset objects reloaded before import = 0
Number of asset objects unloaded after import = 1
========================================================================
Received Import Request.
  Time since last request: 0.000091 seconds.
  path: Assets/Settings/URP-HighFidelity.asset
  artifactKey: Guid(7b7fd9122c28c4d15b667c7040e3b3fd) Importer(2089858483,0ecaa5967403d082aa24f35e1b516d23)
Start importing Assets/Settings/URP-HighFidelity.asset using Guid(7b7fd9122c28c4d15b667c7040e3b3fd) Importer(2089858483,0ecaa5967403d082aa24f35e1b516d23) Generated GUIDs only implemented for interfaces!
 -> (artifact id: '1a41604c899631aa4cf3dc4a410831e4') in 0.071879 seconds
Number of updated asset objects reloaded before import = 0
Number of asset objects unloaded after import = 1
========================================================================
Received Import Request.
  Time since last request: 0.000225 seconds.
  path: Assets/food/HongKongStyleWaffle_Reflection.png
  artifactKey: Guid(69c281b9908d0d14d8aa29f2f1a46300) Importer(2089858483,0ecaa5967403d082aa24f35e1b516d23)
Start importing Assets/food/HongKongStyleWaffle_Reflection.png using Guid(69c281b9908d0d14d8aa29f2f1a46300) Importer(2089858483,0ecaa5967403d082aa24f35e1b516d23) Generated GUIDs only implemented for interfaces!
 -> (artifact id: 'a82b31851ed545044398d300277de7a6') in 0.129266 seconds
Number of updated asset objects reloaded before import = 0
Number of asset objects unloaded after import = 1
========================================================================
Received Import Request.
  Time since last request: 0.000050 seconds.
  path: Assets/food/coffee.jpg
  artifactKey: Guid(98785c58308c6864e9241a29d95f39ee) Importer(2089858483,0ecaa5967403d082aa24f35e1b516d23)
Start importing Assets/food/coffee.jpg using Guid(98785c58308c6864e9241a29d95f39ee) Importer(2089858483,0ecaa5967403d082aa24f35e1b516d23) Generated GUIDs only implemented for interfaces!
 -> (artifact id: 'e9cf7d438f0f8b747a5d83d6dcbef4e5') in 0.134043 seconds
Number of updated asset objects reloaded before import = 0
Number of asset objects unloaded after import = 1
========================================================================
Received Import Request.
  Time since last request: 0.000134 seconds.
  path: Assets/Croissants_Pack/Textures/croissant_03_L1_Albedo.tga
  artifactKey: Guid(c8a871517a7c8b04eade7650b25286ea) Importer(2089858483,0ecaa5967403d082aa24f35e1b516d23)
Start importing Assets/Croissants_Pack/Textures/croissant_03_L1_Albedo.tga using Guid(c8a871517a7c8b04eade7650b25286ea) Importer(2089858483,0ecaa5967403d082aa24f35e1b516d23) Generated GUIDs only implemented for interfaces!
 -> (artifact id: '4775a5041dd5b6eaa180377add702bca') in 0.098187 seconds
Number of updated asset objects reloaded before import = 0
Number of asset objects unloaded after import = 1
========================================================================
Received Import Request.
  Time since last request: 0.000237 seconds.
  path: Assets/Editor/Migration/AddVuforiaEnginePackage.cs
  artifactKey: Guid(3bbef22eb814a9647b6c1f03e99d95da) Importer(2089858483,0ecaa5967403d082aa24f35e1b516d23)
Start importing Assets/Editor/Migration/AddVuforiaEnginePackage.cs using Guid(3bbef22eb814a9647b6c1f03e99d95da) Importer(2089858483,0ecaa5967403d082aa24f35e1b516d23) Generated GUIDs only implemented for interfaces!
 -> (artifact id: '8eb69ba2027e0fa8c2bac91fd4e7db02') in 0.065260 seconds
Number of updated asset objects reloaded before import = 0
Number of asset objects unloaded after import = 1
========================================================================
Received Import Request.
  Time since last request: 0.000139 seconds.
  path: Assets/food/uploads_files_1936665_coffee+cup.FBX
  artifactKey: Guid(087b98e49132f6e4e8d8f37696b8ee6e) Importer(2089858483,0ecaa5967403d082aa24f35e1b516d23)
Start importing Assets/food/uploads_files_1936665_coffee+cup.FBX using Guid(087b98e49132f6e4e8d8f37696b8ee6e) Importer(2089858483,0ecaa5967403d082aa24f35e1b516d23) Generated GUIDs only implemented for interfaces!
 -> (artifact id: '6a95fb046b00fa91db318ebf86a7a252') in 0.073451 seconds
Number of updated asset objects reloaded before import = 0
Number of asset objects unloaded after import = 29
========================================================================
Received Import Request.
  Time since last request: 0.000040 seconds.
  path: Assets/Materials/HongKongStyleWaffle_Glossiness.mat
  artifactKey: Guid(92a4f627e7b7a494a8335012806b78a2) Importer(2089858483,0ecaa5967403d082aa24f35e1b516d23)
Start importing Assets/Materials/HongKongStyleWaffle_Glossiness.mat using Guid(92a4f627e7b7a494a8335012806b78a2) Importer(2089858483,0ecaa5967403d082aa24f35e1b516d23) Generated GUIDs only implemented for interfaces!
 -> (artifact id: '56971d54e322313b51022afed21bb970') in 0.108136 seconds
Number of updated asset objects reloaded before import = 0
Number of asset objects unloaded after import = 2
========================================================================
Received Import Request.
  Time since last request: 0.000035 seconds.
  path: Assets/Croissants_Pack/Meshes/croissant_02_L1.fbx
  artifactKey: Guid(fcd7e32b8d9cfe641b2baee63e87c376) Importer(2089858483,0ecaa5967403d082aa24f35e1b516d23)
Start importing Assets/Croissants_Pack/Meshes/croissant_02_L1.fbx using Guid(fcd7e32b8d9cfe641b2baee63e87c376) Importer(2089858483,0ecaa5967403d082aa24f35e1b516d23) Generated GUIDs only implemented for interfaces!
 -> (artifact id: '674cf252cf5710366210b73a906d8962') in 0.117355 seconds
Number of updated asset objects reloaded before import = 0
Number of asset objects unloaded after import = 7
========================================================================
Received Import Request.
  Time since last request: 0.000042 seconds.
  path: Assets/AK STUDIO ART/Coffee Cup/Models/Textures/Coffee_Cup_roughness.png
  artifactKey: Guid(684d2652407946e41b097c029979544a) Importer(2089858483,0ecaa5967403d082aa24f35e1b516d23)
Start importing Assets/AK STUDIO ART/Coffee Cup/Models/Textures/Coffee_Cup_roughness.png using Guid(684d2652407946e41b097c029979544a) Importer(2089858483,0ecaa5967403d082aa24f35e1b516d23) Generated GUIDs only implemented for interfaces!
 -> (artifact id: 'da1b46c50bc82f6d0f325f00ec3185be') in 0.087804 seconds
Number of updated asset objects reloaded before import = 0
Number of asset objects unloaded after import = 1
========================================================================
Received Import Request.
  Time since last request: 0.000062 seconds.
  path: Assets/dallat and tamr/menuMeta/Global Volume.prefab
  artifactKey: Guid(d257b3d21f1efb84fbf2bcbfdda5522d) Importer(2089858483,0ecaa5967403d082aa24f35e1b516d23)
Start importing Assets/dallat and tamr/menuMeta/Global Volume.prefab using Guid(d257b3d21f1efb84fbf2bcbfdda5522d) Importer(2089858483,0ecaa5967403d082aa24f35e1b516d23) Generated GUIDs only implemented for interfaces!
 -> (artifact id: '0e9aa158d4b8f23c6ac6e5be7eccf5df') in 0.056352 seconds
Number of updated asset objects reloaded before import = 0
Number of asset objects unloaded after import = 9
========================================================================
Received Import Request.
  Time since last request: 0.000220 seconds.
  path: Assets/Scripts/Menu.cs
  artifactKey: Guid(49534f9787a177f45b2f3d8d96545c03) Importer(2089858483,0ecaa5967403d082aa24f35e1b516d23)
Start importing Assets/Scripts/Menu.cs using Guid(49534f9787a177f45b2f3d8d96545c03) Importer(2089858483,0ecaa5967403d082aa24f35e1b516d23) Generated GUIDs only implemented for interfaces!
 -> (artifact id: '9128b4feb62ff6c44b2f9296592b2efb') in 0.029158 seconds
Number of updated asset objects reloaded before import = 0
Number of asset objects unloaded after import = 1
========================================================================
Received Import Request.
  Time since last request: 0.000068 seconds.
  path: Assets/Croissants_Pack/Preview_scene/previewSettings.lighting
  artifactKey: Guid(f3d2800d88b67e04aab852cb053f6e78) Importer(2089858483,0ecaa5967403d082aa24f35e1b516d23)
Start importing Assets/Croissants_Pack/Preview_scene/previewSettings.lighting using Guid(f3d2800d88b67e04aab852cb053f6e78) Importer(2089858483,0ecaa5967403d082aa24f35e1b516d23) LightingSettings: switching bake backend from 1 to 0.
Generated GUIDs only implemented for interfaces!
 -> (artifact id: 'f82a86e528f50ac1a6fd49905412375b') in 0.073002 seconds
Number of updated asset objects reloaded before import = 0
Number of asset objects unloaded after import = 1
========================================================================
Received Import Request.
  Time since last request: 0.000077 seconds.
  path: Assets/Croissants_Pack/Prefabs/croissant_03_mid.prefab
  artifactKey: Guid(a597efbc6eb038b4c93e1fe0c3b904ce) Importer(2089858483,0ecaa5967403d082aa24f35e1b516d23)
Start importing Assets/Croissants_Pack/Prefabs/croissant_03_mid.prefab using Guid(a597efbc6eb038b4c93e1fe0c3b904ce) Importer(2089858483,0ecaa5967403d082aa24f35e1b516d23) Generated GUIDs only implemented for interfaces!
 -> (artifact id: '3d28d3659247c724e98bda100dba9947') in 0.080703 seconds
Number of updated asset objects reloaded before import = 0
Number of asset objects unloaded after import = 9
========================================================================
Received Import Request.
  Time since last request: 0.000153 seconds.
  path: Assets/AK STUDIO ART/Coffee Cup/Environment/Interior.png
  artifactKey: Guid(750e8965acf46cc4ca958ef42b62bf20) Importer(2089858483,0ecaa5967403d082aa24f35e1b516d23)
Start importing Assets/AK STUDIO ART/Coffee Cup/Environment/Interior.png using Guid(750e8965acf46cc4ca958ef42b62bf20) Importer(2089858483,0ecaa5967403d082aa24f35e1b516d23) Generated GUIDs only implemented for interfaces!
 -> (artifact id: '5d69e65d3d77e0307bd1e7ebcc7dfe9a') in 0.139244 seconds
Number of updated asset objects reloaded before import = 0
Number of asset objects unloaded after import = 1
========================================================================
Received Import Request.
  Time since last request: 0.000055 seconds.
  path: Assets/TutorialInfo/Scripts/Readme.cs
  artifactKey: Guid(fcf7219bab7fe46a1ad266029b2fee19) Importer(2089858483,0ecaa5967403d082aa24f35e1b516d23)
Start importing Assets/TutorialInfo/Scripts/Readme.cs using Guid(fcf7219bab7fe46a1ad266029b2fee19) Importer(2089858483,0ecaa5967403d082aa24f35e1b516d23) Generated GUIDs only implemented for interfaces!
 -> (artifact id: '02433d61854a7afd20a445482f598abf') in 0.030798 seconds
Number of updated asset objects reloaded before import = 0
Number of asset objects unloaded after import = 1
========================================================================
Received Import Request.
  Time since last request: 0.000061 seconds.
  path: Assets/Croissants_Pack/Prefabs/croissant_02_low.prefab
  artifactKey: Guid(77b268d5e5679b04e85d9007f15e04d0) Importer(2089858483,0ecaa5967403d082aa24f35e1b516d23)
Start importing Assets/Croissants_Pack/Prefabs/croissant_02_low.prefab using Guid(77b268d5e5679b04e85d9007f15e04d0) Importer(2089858483,0ecaa5967403d082aa24f35e1b516d23) Generated GUIDs only implemented for interfaces!
 -> (artifact id: 'a7e5c8c089fb2c0ebe7fc5fb780e7002') in 0.041178 seconds
Number of updated asset objects reloaded before import = 0
Number of asset objects unloaded after import = 9
========================================================================
Received Import Request.
  Time since last request: 0.000039 seconds.
  path: Assets/dallat and tamr/iron.mat
  artifactKey: Guid(a71c9b845e01d494bb4e00304f89df6f) Importer(2089858483,0ecaa5967403d082aa24f35e1b516d23)
Start importing Assets/dallat and tamr/iron.mat using Guid(a71c9b845e01d494bb4e00304f89df6f) Importer(2089858483,0ecaa5967403d082aa24f35e1b516d23) Generated GUIDs only implemented for interfaces!
 -> (artifact id: '2a1eff1f41fcebe1a02d065787a238ac') in 0.095044 seconds
Number of updated asset objects reloaded before import = 0
Number of asset objects unloaded after import = 1
========================================================================
Received Import Request.
  Time since last request: 0.000063 seconds.
  path: Assets/Croissants_Pack/Textures/croissant_02_L0_MetallicSmoothness.tga
  artifactKey: Guid(4e628e85d462f984691b370982eb21c8) Importer(2089858483,0ecaa5967403d082aa24f35e1b516d23)
Start importing Assets/Croissants_Pack/Textures/croissant_02_L0_MetallicSmoothness.tga using Guid(4e628e85d462f984691b370982eb21c8) Importer(2089858483,0ecaa5967403d082aa24f35e1b516d23) Generated GUIDs only implemented for interfaces!
 -> (artifact id: '5fc818b402e09c7b24ed617031658b84') in 0.177582 seconds
Number of updated asset objects reloaded before import = 0
Number of asset objects unloaded after import = 1
========================================================================
Received Import Request.
  Time since last request: 0.000082 seconds.
  path: Assets/TutorialInfo/Scripts/Editor/ReadmeEditor.cs
  artifactKey: Guid(476cc7d7cd9874016adc216baab94a0a) Importer(2089858483,0ecaa5967403d082aa24f35e1b516d23)
Start importing Assets/TutorialInfo/Scripts/Editor/ReadmeEditor.cs using Guid(476cc7d7cd9874016adc216baab94a0a) Importer(2089858483,0ecaa5967403d082aa24f35e1b516d23) Generated GUIDs only implemented for interfaces!
 -> (artifact id: 'cb2a7a491aa10ce9803bcc49e55f32ea') in 0.047818 seconds
Number of updated asset objects reloaded before import = 0
Number of asset objects unloaded after import = 1
========================================================================
Received Import Request.
  Time since last request: 0.000092 seconds.
  path: Assets/Croissants_Pack/Textures/croissant_01_L1_Normal.tga
  artifactKey: Guid(19f7e3a537f98bb418742f7cdd06f8cf) Importer(2089858483,0ecaa5967403d082aa24f35e1b516d23)
Start importing Assets/Croissants_Pack/Textures/croissant_01_L1_Normal.tga using Guid(19f7e3a537f98bb418742f7cdd06f8cf) Importer(2089858483,0ecaa5967403d082aa24f35e1b516d23) Generated GUIDs only implemented for interfaces!
 -> (artifact id: '6f322a5c38f3d732ae158f725828d1b1') in 0.111604 seconds
Number of updated asset objects reloaded before import = 0
Number of asset objects unloaded after import = 1
========================================================================
Received Import Request.
  Time since last request: 0.000044 seconds.
  path: Assets/Croissants_Pack/Meshes/croissant_01_L0.FBX
  artifactKey: Guid(e9059b9cf3081054d80fdcd098b72e6a) Importer(2089858483,0ecaa5967403d082aa24f35e1b516d23)
Start importing Assets/Croissants_Pack/Meshes/croissant_01_L0.FBX using Guid(e9059b9cf3081054d80fdcd098b72e6a) Importer(2089858483,0ecaa5967403d082aa24f35e1b516d23) Generated GUIDs only implemented for interfaces!
 -> (artifact id: '5c238fa2c42b984db80c30abf7a23650') in 0.090930 seconds
Number of updated asset objects reloaded before import = 0
Number of asset objects unloaded after import = 7
Editor requested this worker to shutdown with reason: Scaling down because of idle timeout
TcpMessagingSession - receive error: operation aborted. errorcode: 995, details: The I/O operation has been aborted because of either a thread exit or an application request.
AssetImportWorker is now disconnected from the server
Process exiting
Exiting without the bug reporter. Application will terminate with return code 0